Performing C SOURCE FILE Test CMAKE_HAVE_LIBC_PTHREAD failed with the following output:
Change Dir: /homes/w19gong/Téléchargements/taf_seh/calcule_parallèl/galax_eleves/build/CMakeFiles/CMakeTmp

Run Build Command(s):/bin/make cmTC_9eb89/fast && /bin/make -f CMakeFiles/cmTC_9eb89.dir/build.make CMakeFiles/cmTC_9eb89.dir/build
make[1] : on entre dans le répertoire « /homes/w19gong/Téléchargements/taf_seh/calcule_parallèl/galax_eleves/build/CMakeFiles/CMakeTmp »
Building C object CMakeFiles/cmTC_9eb89.dir/src.c.o
/bin/cc   -fPIC -DCMAKE_HAVE_LIBC_PTHREAD   -o CMakeFiles/cmTC_9eb89.dir/src.c.o   -c /homes/w19gong/Téléchargements/taf_seh/calcule_parallèl/galax_eleves/build/CMakeFiles/CMakeTmp/src.c
Linking C executable cmTC_9eb89
/usr/bin/cmake -E cmake_link_script CMakeFiles/cmTC_9eb89.dir/link.txt --verbose=1
/bin/cc -fPIC -DCMAKE_HAVE_LIBC_PTHREAD    CMakeFiles/cmTC_9eb89.dir/src.c.o  -o cmTC_9eb89 
/bin/ld : CMakeFiles/cmTC_9eb89.dir/src.c.o : dans la fonction « main » :
src.c:(.text+0x46) : référence indéfinie vers « pthread_create »
/bin/ld : src.c:(.text+0x52) : référence indéfinie vers « pthread_detach »
/bin/ld : src.c:(.text+0x63) : référence indéfinie vers « pthread_join »
collect2: error: ld returned 1 exit status
make[1]: *** [CMakeFiles/cmTC_9eb89.dir/build.make:87 : cmTC_9eb89] Erreur 1
make[1] : on quitte le répertoire « /homes/w19gong/Téléchargements/taf_seh/calcule_parallèl/galax_eleves/build/CMakeFiles/CMakeTmp »
make: *** [Makefile:121 : cmTC_9eb89/fast] Erreur 2


Source file was:
#include <pthread.h>

void* test_func(void* data)
{
  return data;
}

int main(void)
{
  pthread_t thread;
  pthread_create(&thread, NULL, test_func, NULL);
  pthread_detach(thread);
  pthread_join(thread, NULL);
  pthread_atfork(NULL, NULL, NULL);
  pthread_exit(NULL);

  return 0;
}

Determining if the function pthread_create exists in the pthreads failed with the following output:
Change Dir: /homes/w19gong/Téléchargements/taf_seh/calcule_parallèl/galax_eleves/build/CMakeFiles/CMakeTmp

Run Build Command(s):/bin/make cmTC_7996c/fast && /bin/make -f CMakeFiles/cmTC_7996c.dir/build.make CMakeFiles/cmTC_7996c.dir/build
make[1] : on entre dans le répertoire « /homes/w19gong/Téléchargements/taf_seh/calcule_parallèl/galax_eleves/build/CMakeFiles/CMakeTmp »
Building C object CMakeFiles/cmTC_7996c.dir/CheckFunctionExists.c.o
/bin/cc   -fPIC -DCHECK_FUNCTION_EXISTS=pthread_create   -o CMakeFiles/cmTC_7996c.dir/CheckFunctionExists.c.o   -c /usr/share/cmake-3.16/Modules/CheckFunctionExists.c
Linking C executable cmTC_7996c
/usr/bin/cmake -E cmake_link_script CMakeFiles/cmTC_7996c.dir/link.txt --verbose=1
/bin/cc -fPIC -DCHECK_FUNCTION_EXISTS=pthread_create    CMakeFiles/cmTC_7996c.dir/CheckFunctionExists.c.o  -o cmTC_7996c  -lpthreads 
/bin/ld : ne peut trouver -lpthreads
collect2: error: ld returned 1 exit status
make[1]: *** [CMakeFiles/cmTC_7996c.dir/build.make:87 : cmTC_7996c] Erreur 1
make[1] : on quitte le répertoire « /homes/w19gong/Téléchargements/taf_seh/calcule_parallèl/galax_eleves/build/CMakeFiles/CMakeTmp »
make: *** [Makefile:121 : cmTC_7996c/fast] Erreur 2



